  Files.cpp
C:\Users\batek\Desktop\sna\Files.cpp(4,18): warning C4996: 'fopen': This function or variable may be unsafe. Consider using fopen_s instead. To disable deprecation, use _CRT_SECURE_NO_WARNINGS. See online help for details.
C:\Users\batek\Desktop\sna\Files.cpp(54,55): warning C4474: 'fscanf' : too many arguments passed for format string
      C:\Users\batek\Desktop\sna\Files.cpp(54,55):
      placeholders and their parameters expect 1 variadic arguments, but 2 were provided
  
C:\Users\batek\Desktop\sna\Files.cpp(38,18): warning C4996: 'fopen': This function or variable may be unsafe. Consider using fopen_s instead. To disable deprecation, use _CRT_SECURE_NO_WARNINGS. See online help for details.
C:\Users\batek\Desktop\sna\Files.cpp(42,9): warning C4996: 'fscanf': This function or variable may be unsafe. Consider using fscanf_s instead. To disable deprecation, use _CRT_SECURE_NO_WARNINGS. See online help for details.
C:\Users\batek\Desktop\sna\Files.cpp(43,9): warning C4996: 'fscanf': This function or variable may be unsafe. Consider using fscanf_s instead. To disable deprecation, use _CRT_SECURE_NO_WARNINGS. See online help for details.
C:\Users\batek\Desktop\sna\Files.cpp(44,9): warning C4996: 'fscanf': This function or variable may be unsafe. Consider using fscanf_s instead. To disable deprecation, use _CRT_SECURE_NO_WARNINGS. See online help for details.
C:\Users\batek\Desktop\sna\Files.cpp(46,9): warning C4996: 'fscanf': This function or variable may be unsafe. Consider using fscanf_s instead. To disable deprecation, use _CRT_SECURE_NO_WARNINGS. See online help for details.
C:\Users\batek\Desktop\sna\Files.cpp(47,9): warning C4996: 'fscanf': This function or variable may be unsafe. Consider using fscanf_s instead. To disable deprecation, use _CRT_SECURE_NO_WARNINGS. See online help for details.
C:\Users\batek\Desktop\sna\Files.cpp(49,9): warning C4996: 'fscanf': This function or variable may be unsafe. Consider using fscanf_s instead. To disable deprecation, use _CRT_SECURE_NO_WARNINGS. See online help for details.
C:\Users\batek\Desktop\sna\Files.cpp(50,9): warning C4996: 'fscanf': This function or variable may be unsafe. Consider using fscanf_s instead. To disable deprecation, use _CRT_SECURE_NO_WARNINGS. See online help for details.
C:\Users\batek\Desktop\sna\Files.cpp(51,9): warning C4996: 'fscanf': This function or variable may be unsafe. Consider using fscanf_s instead. To disable deprecation, use _CRT_SECURE_NO_WARNINGS. See online help for details.
C:\Users\batek\Desktop\sna\Files.cpp(52,9): warning C4996: 'fscanf': This function or variable may be unsafe. Consider using fscanf_s instead. To disable deprecation, use _CRT_SECURE_NO_WARNINGS. See online help for details.
C:\Users\batek\Desktop\sna\Files.cpp(53,9): warning C4996: 'fscanf': This function or variable may be unsafe. Consider using fscanf_s instead. To disable deprecation, use _CRT_SECURE_NO_WARNINGS. See online help for details.
C:\Users\batek\Desktop\sna\Files.cpp(54,9): warning C4996: 'fscanf': This function or variable may be unsafe. Consider using fscanf_s instead. To disable deprecation, use _CRT_SECURE_NO_WARNINGS. See online help for details.
C:\Users\batek\Desktop\sna\Files.cpp(62,9): warning C4996: 'fscanf': This function or variable may be unsafe. Consider using fscanf_s instead. To disable deprecation, use _CRT_SECURE_NO_WARNINGS. See online help for details.
C:\Users\batek\Desktop\sna\Files.cpp(63,9): warning C4996: 'fscanf': This function or variable may be unsafe. Consider using fscanf_s instead. To disable deprecation, use _CRT_SECURE_NO_WARNINGS. See online help for details.
C:\Users\batek\Desktop\sna\Files.cpp(64,9): warning C4996: 'fscanf': This function or variable may be unsafe. Consider using fscanf_s instead. To disable deprecation, use _CRT_SECURE_NO_WARNINGS. See online help for details.
C:\Users\batek\Desktop\sna\Files.cpp(65,9): warning C4996: 'fscanf': This function or variable may be unsafe. Consider using fscanf_s instead. To disable deprecation, use _CRT_SECURE_NO_WARNINGS. See online help for details.
C:\Users\batek\Desktop\sna\Files.cpp(79,16): warning C4996: 'fscanf': This function or variable may be unsafe. Consider using fscanf_s instead. To disable deprecation, use _CRT_SECURE_NO_WARNINGS. See online help for details.
C:\Users\batek\Desktop\sna\Files.cpp(80,13): warning C4996: 'fscanf': This function or variable may be unsafe. Consider using fscanf_s instead. To disable deprecation, use _CRT_SECURE_NO_WARNINGS. See online help for details.
C:\Users\batek\Desktop\sna\Files.cpp(81,13): warning C4996: 'fscanf': This function or variable may be unsafe. Consider using fscanf_s instead. To disable deprecation, use _CRT_SECURE_NO_WARNINGS. See online help for details.
C:\Users\batek\Desktop\sna\Files.cpp(82,13): warning C4996: 'fscanf': This function or variable may be unsafe. Consider using fscanf_s instead. To disable deprecation, use _CRT_SECURE_NO_WARNINGS. See online help for details.
  Food.cpp
C:\Users\batek\Desktop\sna\Food.cpp(116,123): warning C4244: 'argument': conversion from 'float' to 'int', possible loss of data
C:\Users\batek\Desktop\sna\Food.cpp(121,60): warning C4244: 'argument': conversion from 'const int' to 'float', possible loss of data
  Game.cpp
C:\Users\batek\Desktop\sna\Game.cpp(30,53): warning C4244: 'argument': conversion from 'double' to 'int', possible loss of data
C:\Users\batek\Desktop\sna\Game.cpp(25,2): warning C4996: 'sprintf': This function or variable may be unsafe. Consider using sprintf_s instead. To disable deprecation, use _CRT_SECURE_NO_WARNINGS. See online help for details.
C:\Users\batek\Desktop\sna\Game.cpp(29,2): warning C4996: 'sprintf': This function or variable may be unsafe. Consider using sprintf_s instead. To disable deprecation, use _CRT_SECURE_NO_WARNINGS. See online help for details.
C:\Users\batek\Desktop\sna\Game.cpp(32,2): warning C4996: 'sprintf': This function or variable may be unsafe. Consider using sprintf_s instead. To disable deprecation, use _CRT_SECURE_NO_WARNINGS. See online help for details.
C:\Users\batek\Desktop\sna\Game.cpp(35,2): warning C4996: 'sprintf': This function or variable may be unsafe. Consider using sprintf_s instead. To disable deprecation, use _CRT_SECURE_NO_WARNINGS. See online help for details.
C:\Users\batek\Desktop\sna\Game.cpp(97,36): warning C4244: '+=': conversion from 'double' to 'float', possible loss of data
C:\Users\batek\Desktop\sna\Game.cpp(175,32): warning C4305: 'initializing': truncation from 'double' to 'float'
C:\Users\batek\Desktop\sna\Game.cpp(195,42): warning C4244: '=': conversion from 'double' to 'int', possible loss of data
C:\Users\batek\Desktop\sna\Game.cpp(178,7): warning C4101: 'text': unreferenced local variable
C:\Users\batek\Desktop\sna\Game.cpp(225,3): warning C4996: 'sprintf': This function or variable may be unsafe. Consider using sprintf_s instead. To disable deprecation, use _CRT_SECURE_NO_WARNINGS. See online help for details.
  Sdl.cpp
  Snake.cpp
  Generating Code...
  szablon2vs19.vcxproj -> C:\Users\batek\Desktop\sna\x64\Debug\szablon2vs19.exe
